Determining if the pthread_create exist failed with the following output:
Change Dir: /home/cjlotto/git_clone/ROS_Lotto/10.ROS_action/catkin_ws/build/CMakeFiles/CMakeTmp

Run Build Command:"/usr/bin/make" "cmTC_7712d/fast"
/usr/bin/make -f CMakeFiles/cmTC_7712d.dir/build.make CMakeFiles/cmTC_7712d.dir/build
make[1]: Entering directory '/home/cjlotto/git_clone/ROS_Lotto/10.ROS_action/catkin_ws/build/CMakeFiles/CMakeTmp'
Building C object CMakeFiles/cmTC_7712d.dir/CheckSymbolExists.c.o
/usr/bin/cc    -o CMakeFiles/cmTC_7712d.dir/CheckSymbolExists.c.o   -c /home/cjlotto/git_clone/ROS_Lotto/10.ROS_action/catkin_ws/build/CMakeFiles/CMakeTmp/CheckSymbolExists.c
Linking C executable cmTC_7712d
/usr/bin/cmake -E cmake_link_script CMakeFiles/cmTC_7712d.dir/link.txt --verbose=1
/usr/bin/cc      -rdynamic CMakeFiles/cmTC_7712d.dir/CheckSymbolExists.c.o  -o cmTC_7712d 
CMakeFiles/cmTC_7712d.dir/CheckSymbolExists.c.o: In function `main':
CheckSymbolExists.c:(.text+0x1b): undefined reference to `pthread_create'
collect2: error: ld returned 1 exit status
CMakeFiles/cmTC_7712d.dir/build.make:97: recipe for target 'cmTC_7712d' failed
make[1]: *** [cmTC_7712d] Error 1
make[1]: Leaving directory '/home/cjlotto/git_clone/ROS_Lotto/10.ROS_action/catkin_ws/build/CMakeFiles/CMakeTmp'
Makefile:126: recipe for target 'cmTC_7712d/fast' failed
make: *** [cmTC_7712d/fast] Error 2

File /home/cjlotto/git_clone/ROS_Lotto/10.ROS_action/catkin_ws/build/CMakeFiles/CMakeTmp/CheckSymbolExists.c:
/* */
#include <pthread.h>

int main(int argc, char** argv)
{
  (void)argv;
#ifndef pthread_create
  return ((int*)(&pthread_create))[argc];
#else
  (void)argc;
  return 0;
#endif
}

Determining if the function pthread_create exists in the pthreads failed with the following output:
Change Dir: /home/cjlotto/git_clone/ROS_Lotto/10.ROS_action/catkin_ws/build/CMakeFiles/CMakeTmp

Run Build Command:"/usr/bin/make" "cmTC_db2bb/fast"
/usr/bin/make -f CMakeFiles/cmTC_db2bb.dir/build.make CMakeFiles/cmTC_db2bb.dir/build
make[1]: Entering directory '/home/cjlotto/git_clone/ROS_Lotto/10.ROS_action/catkin_ws/build/CMakeFiles/CMakeTmp'
Building C object CMakeFiles/cmTC_db2bb.dir/CheckFunctionExists.c.o
/usr/bin/cc   -DCHECK_FUNCTION_EXISTS=pthread_create   -o CMakeFiles/cmTC_db2bb.dir/CheckFunctionExists.c.o   -c /usr/share/cmake-3.10/Modules/CheckFunctionExists.c
Linking C executable cmTC_db2bb
/usr/bin/cmake -E cmake_link_script CMakeFiles/cmTC_db2bb.dir/link.txt --verbose=1
/usr/bin/cc  -DCHECK_FUNCTION_EXISTS=pthread_create    -rdynamic CMakeFiles/cmTC_db2bb.dir/CheckFunctionExists.c.o  -o cmTC_db2bb -lpthreads 
/usr/bin/ld: cannot find -lpthreads
collect2: error: ld returned 1 exit status
CMakeFiles/cmTC_db2bb.dir/build.make:97: recipe for target 'cmTC_db2bb' failed
make[1]: *** [cmTC_db2bb] Error 1
make[1]: Leaving directory '/home/cjlotto/git_clone/ROS_Lotto/10.ROS_action/catkin_ws/build/CMakeFiles/CMakeTmp'
Makefile:126: recipe for target 'cmTC_db2bb/fast' failed
make: *** [cmTC_db2bb/fast] Error 2


